{
  "0 debug pnpm:scope": {
    "selected": 1
  },
  "1 debug pnpm:package-manifest": {
    "initial": {
      "name": "jsofi",
      "version": "1.0.0",
      "description": "",
      "main": "index.js",
      "scripts": {
        "test": "echo \"Error: no test specified\" && exit 1",
        "start": "nodemon app.js"
      },
      "author": "",
      "license": "ISC",
      "devDependencies": {
        "babel-eslint": "^10.1.0",
        "connect-livereload": "^0.6.1",
        "eslint": "^3 || ^4 || ^5 || ^6 || ^7",
        "eslint-config-airbnb": "^19.0.0",
        "eslint-config-prettier": "^8.3.0",
        "eslint-plugin-import": "^2.25.3",
        "eslint-plugin-jsx-a11y": "^6.5.1",
        "eslint-plugin-prettier": "^4.0.0",
        "eslint-plugin-react": "^7.28.0",
        "livereload": "^0.9.3",
        "nodemon": "^2.0.15",
        "prettier": "^2.4.1"
      },
      "dependencies": {
        "@popperjs/core": "^2.10.2",
        "axios": "^0.24.0",
        "body-parser": "^1.19.1",
        "bootstrap": "^5.1.3",
        "cors": "^2.8.5",
        "eslint-plugin-react-hooks": "^4.3.0",
        "express": "^4.17.2",
        "json5": "^2.2.0",
        "mongodb": "^4.2.2",
        "mongoose": "^6.1.2",
        "mongoose-unique-validator": "^3.0.0",
        "pg": "^8.7.1",
        "pg-hstore": "^2.3.4",
        "react": "^17.0.2",
        "react-dom": "^17.0.2",
        "reactstrap": "^9.0.1",
        "sequelize": "^6.15.0",
        "uuid": "^8.3.2"
      }
    },
    "prefix": "C:\\Users\\jsofi"
  },
  "2 debug pnpm:context": {
    "currentLockfileExists": true,
    "storeDir": "C:\\Users\\jsofi\\.pnpm-store\\v3",
    "virtualStoreDir": "C:\\Users\\jsofi\\node_modules\\.pnpm"
  },
  "3 debug pnpm:stage": {
    "prefix": "C:\\Users\\jsofi",
    "stage": "resolution_started"
  },
  "4 warn pnpm": {
    "message": "Moving babel-eslint that was installed by a different package manager to \"node_modules/.ignored",
    "prefix": "C:\\Users\\jsofi"
  },
  "5 error pnpm": {
    "errno": -4048,
    "code": "EPERM",
    "syscall": "rename",
    "path": "C:\\Users\\jsofi\\node_modules\\babel-eslint",
    "dest": "C:\\Users\\jsofi\\node_modules\\.ignored\\babel-eslint",
    "err": {
      "name": "pnpm",
      "message": "EPERM: operation not permitted, rename 'C:\\Users\\jsofi\\node_modules\\babel-eslint' -> 'C:\\Users\\jsofi\\node_modules\\.ignored\\babel-eslint'",
      "code": "EPERM",
      "stack": "pnpm: EPERM: operation not permitted, rename 'C:\\Users\\jsofi\\node_modules\\babel-eslint' -> 'C:\\Users\\jsofi\\node_modules\\.ignored\\babel-eslint'"
    }
  }
}